0 info it worked if it ends with ok
1 verbose cli [ '/usr/bin/nodejs', '/usr/bin/npm', 'run', 'example' ]
2 info using npm@3.10.10
3 info using node@v6.10.2
4 verbose run-script [ 'preexample', 'example', 'postexample' ]
5 info lifecycle react-treebeard@2.1.0~preexample: react-treebeard@2.1.0
6 silly lifecycle react-treebeard@2.1.0~preexample: no script for preexample, continuing
7 info lifecycle react-treebeard@2.1.0~example: react-treebeard@2.1.0
8 verbose lifecycle react-treebeard@2.1.0~example: unsafe-perm in lifecycle true
9 verbose lifecycle react-treebeard@2.1.0~example: PATH: /usr/lib/node_modules/npm/bin/node-gyp-bin:/home/crosscode/CrossCode/pub-test/node_modules/.bin:/usr/local/sbin:/usr/local/bin:/usr/sbin:/usr/bin:/sbin:/bin:/usr/games:/usr/local/games
10 verbose lifecycle react-treebeard@2.1.0~example: CWD: /home/crosscode/CrossCode/pub-test
11 silly lifecycle react-treebeard@2.1.0~example: Args: [ '-c',
11 silly lifecycle   'webpack-dev-server --content-base ./example/ --config ./example/webpack.config.js' ]
12 info lifecycle react-treebeard@2.1.0~example: Failed to exec example script
13 verbose stack Error: react-treebeard@2.1.0 example: `webpack-dev-server --content-base ./example/ --config ./example/webpack.config.js`
13 verbose stack spawn ENOENT
13 verbose stack     at ChildProcess.<anonymous> (/usr/lib/node_modules/npm/lib/utils/spawn.js:33:16)
13 verbose stack     at emitTwo (events.js:106:13)
13 verbose stack     at ChildProcess.emit (events.js:191:7)
13 verbose stack     at maybeClose (internal/child_process.js:886:16)
13 verbose stack     at Process.ChildProcess._handle.onexit (internal/child_process.js:226:5)
14 verbose pkgid react-treebeard@2.1.0
15 verbose cwd /home/crosscode/CrossCode/pub-test
16 error Linux 4.4.0-31-generic
17 error argv "/usr/bin/nodejs" "/usr/bin/npm" "run" "example"
18 error node v6.10.2
19 error npm  v3.10.10
20 error file sh
21 error code ELIFECYCLE
22 error errno ENOENT
23 error syscall spawn
24 error react-treebeard@2.1.0 example: `webpack-dev-server --content-base ./example/ --config ./example/webpack.config.js`
24 error spawn ENOENT
25 error Failed at the react-treebeard@2.1.0 example script 'webpack-dev-server --content-base ./example/ --config ./example/webpack.config.js'.
25 error Make sure you have the latest version of node.js and npm installed.
25 error If you do, this is most likely a problem with the react-treebeard package,
25 error not with npm itself.
25 error Tell the author that this fails on your system:
25 error     webpack-dev-server --content-base ./example/ --config ./example/webpack.config.js
25 error You can get information on how to open an issue for this project with:
25 error     npm bugs react-treebeard
25 error Or if that isn't available, you can get their info via:
25 error     npm owner ls react-treebeard
25 error There is likely additional logging output above.
26 verbose exit [ 1, true ]
